[0.393s] DEBUG:colcon:Command line arguments: ['/usr/bin/colcon', 'build']
[0.393s] DEBUG:colcon:Parsed command line arguments: Namespace(log_base=None, log_level=None, verb_name='build', build_base='build', install_base='install', merge_install=False, symlink_install=False, test_result_base=None, continue_on_error=False, executor='parallel', parallel_workers=8, event_handlers=None, ignore_user_meta=False, metas=['./colcon.meta'], base_paths=['.'], packages_ignore=None, packages_ignore_regex=None, paths=None, packages_up_to=None, packages_up_to_regex=None, packages_above=None, packages_above_and_dependencies=None, packages_above_depth=None, packages_select_by_dep=None, packages_skip_by_dep=None, packages_skip_up_to=None, packages_select_build_failed=False, packages_skip_build_finished=False, packages_select_test_failures=False, packages_skip_test_passed=False, packages_select=None, packages_skip=None, packages_select_regex=None, packages_skip_regex=None, packages_start=None, packages_end=None, allow_overriding=[], cmake_args=None, cmake_target=None, cmake_target_skip_unavailable=False, cmake_clean_cache=False, cmake_clean_first=False, cmake_force_configure=False, ament_cmake_args=None, catkin_cmake_args=None, catkin_skip_building_tests=False, verb_parser=<colcon_defaults.argument_parser.defaults.DefaultArgumentsDecorator object at 0x7f39bd0f88e0>, verb_extension=<colcon_core.verb.build.BuildVerb object at 0x7f39bd0f8310>, main=<bound method BuildVerb.main of <colcon_core.verb.build.BuildVerb object at 0x7f39bd0f8310>>)
[0.417s] Level 1:colcon.colcon_core.package_discovery:discover_packages(colcon_meta) check parameters
[0.418s] Level 1:colcon.colcon_core.package_discovery:discover_packages(recursive) check parameters
[0.418s] Level 1:colcon.colcon_core.package_discovery:discover_packages(ignore) check parameters
[0.418s] Level 1:colcon.colcon_core.package_discovery:discover_packages(path) check parameters
[0.418s] Level 1:colcon.colcon_core.package_discovery:discover_packages(colcon_meta) discover
[0.418s] Level 1:colcon.colcon_core.package_discovery:discover_packages(recursive) discover
[0.418s] INFO:colcon.colcon_core.package_discovery:Crawling recursively for packages in '/home/felipe-campos/ros2_ws/src/felipe'
[0.418s] Level 1:colcon.colcon_core.package_identification:_identify(.) by extensions ['ignore', 'ignore_ament_install']
[0.418s] Level 1:colcon.colcon_core.package_identification:_identify(.) by extension 'ignore'
[0.418s] Level 1:colcon.colcon_core.package_identification:_identify(.) by extension 'ignore_ament_install'
[0.418s] Level 1:colcon.colcon_core.package_identification:_identify(.) by extensions ['colcon_pkg']
[0.418s] Level 1:colcon.colcon_core.package_identification:_identify(.) by extension 'colcon_pkg'
[0.418s] Level 1:colcon.colcon_core.package_identification:_identify(.) by extensions ['colcon_meta']
[0.418s] Level 1:colcon.colcon_core.package_identification:_identify(.) by extension 'colcon_meta'
[0.418s] Level 1:colcon.colcon_core.package_identification:_identify(.) by extensions ['ros']
[0.418s] Level 1:colcon.colcon_core.package_identification:_identify(.) by extension 'ros'
[0.431s] DEBUG:colcon.colcon_core.package_identification:Package '.' with type 'ros.ament_python' and name 'felipe'
[0.431s] Level 1:colcon.colcon_core.package_discovery:discover_packages(recursive) using defaults
[0.431s] Level 1:colcon.colcon_core.package_discovery:discover_packages(ignore) discover
[0.431s] Level 1:colcon.colcon_core.package_discovery:discover_packages(ignore) using defaults
[0.431s] Level 1:colcon.colcon_core.package_discovery:discover_packages(path) discover
[0.431s] Level 1:colcon.colcon_core.package_discovery:discover_packages(path) using defaults
[0.452s] Level 1:colcon.colcon_core.package_discovery:discover_packages(prefix_path) check parameters
[0.452s] Level 1:colcon.colcon_core.package_discovery:discover_packages(prefix_path) discover
[0.454s] DEBUG:colcon.colcon_installed_package_information.package_discovery:Found 1 installed packages in /home/felipe-campos/ros2_ws/install
[0.456s] DEBUG:colcon.colcon_installed_package_information.package_discovery:Found 380 installed packages in /opt/ros/humble
[0.457s] Level 1:colcon.colcon_core.package_discovery:discover_packages(prefix_path) using defaults
[0.521s] Level 5:colcon.colcon_core.verb:set package 'felipe' build argument 'cmake_args' from command line to 'None'
[0.522s] Level 5:colcon.colcon_core.verb:set package 'felipe' build argument 'cmake_target' from command line to 'None'
[0.522s] Level 5:colcon.colcon_core.verb:set package 'felipe' build argument 'cmake_target_skip_unavailable' from command line to 'False'
[0.522s] Level 5:colcon.colcon_core.verb:set package 'felipe' build argument 'cmake_clean_cache' from command line to 'False'
[0.522s] Level 5:colcon.colcon_core.verb:set package 'felipe' build argument 'cmake_clean_first' from command line to 'False'
[0.522s] Level 5:colcon.colcon_core.verb:set package 'felipe' build argument 'cmake_force_configure' from command line to 'False'
[0.522s] Level 5:colcon.colcon_core.verb:set package 'felipe' build argument 'ament_cmake_args' from command line to 'None'
[0.522s] Level 5:colcon.colcon_core.verb:set package 'felipe' build argument 'catkin_cmake_args' from command line to 'None'
[0.522s] Level 5:colcon.colcon_core.verb:set package 'felipe' build argument 'catkin_skip_building_tests' from command line to 'False'
[0.522s] DEBUG:colcon.colcon_core.verb:Building package 'felipe' with the following arguments: {'ament_cmake_args': None, 'build_base': '/home/felipe-campos/ros2_ws/src/felipe/build/felipe', 'catkin_cmake_args': None, 'catkin_skip_building_tests': False, 'cmake_args': None, 'cmake_clean_cache': False, 'cmake_clean_first': False, 'cmake_force_configure': False, 'cmake_target': None, 'cmake_target_skip_unavailable': False, 'install_base': '/home/felipe-campos/ros2_ws/src/felipe/install/felipe', 'merge_install': False, 'path': '/home/felipe-campos/ros2_ws/src/felipe', 'symlink_install': False, 'test_result_base': None}
[0.522s] INFO:colcon.colcon_core.executor:Executing jobs using 'parallel' executor
[0.526s] DEBUG:colcon.colcon_parallel_executor.executor.parallel:run_until_complete
[0.526s] INFO:colcon.colcon_ros.task.ament_python.build:Building ROS package in '/home/felipe-campos/ros2_ws/src/felipe' with build type 'ament_python'
[0.527s] Level 1:colcon.colcon_core.shell:create_environment_hook('felipe', 'ament_prefix_path')
[0.531s] INFO:colcon.colcon_core.plugin_system:Skipping extension 'colcon_core.shell.bat': Not used on non-Windows systems
[0.531s] INFO:colcon.colcon_core.shell:Creating environment hook '/home/felipe-campos/ros2_ws/src/felipe/install/felipe/share/felipe/hook/ament_prefix_path.ps1'
[0.532s] INFO:colcon.colcon_core.shell:Creating environment descriptor '/home/felipe-campos/ros2_ws/src/felipe/install/felipe/share/felipe/hook/ament_prefix_path.dsv'
[0.533s] INFO:colcon.colcon_core.shell:Creating environment hook '/home/felipe-campos/ros2_ws/src/felipe/install/felipe/share/felipe/hook/ament_prefix_path.sh'
[0.534s] INFO:colcon.colcon_core.shell:Skip shell extension 'powershell' for command environment: Not usable outside of PowerShell
[0.534s] DEBUG:colcon.colcon_core.shell:Skip shell extension 'dsv' for command environment
[0.777s] INFO:colcon.colcon_core.task.python.build:Building Python package in '/home/felipe-campos/ros2_ws/src/felipe'
[0.779s] INFO:colcon.colcon_core.shell:Skip shell extension 'powershell' for command environment: Not usable outside of PowerShell
[0.779s] DEBUG:colcon.colcon_core.shell:Skip shell extension 'dsv' for command environment
[1.250s] DEBUG:colcon.colcon_core.event_handler.log_command:Invoking command in '/home/felipe-campos/ros2_ws/src/felipe': PYTHONPATH=/home/felipe-campos/ros2_ws/src/felipe/build/felipe/prefix_override:/home/felipe-campos/ros2_ws/src/felipe/install/felipe/lib/python3.10/site-packages:${PYTHONPATH} /usr/bin/python3 setup.py egg_info --egg-base build/felipe build --build-base /home/felipe-campos/ros2_ws/src/felipe/build/felipe/build install --record /home/felipe-campos/ros2_ws/src/felipe/build/felipe/install.log --single-version-externally-managed
[1.621s] DEBUG:colcon.colcon_core.event_handler.log_command:Invoked command in '/home/felipe-campos/ros2_ws/src/felipe' returned '0': PYTHONPATH=/home/felipe-campos/ros2_ws/src/felipe/build/felipe/prefix_override:/home/felipe-campos/ros2_ws/src/felipe/install/felipe/lib/python3.10/site-packages:${PYTHONPATH} /usr/bin/python3 setup.py egg_info --egg-base build/felipe build --build-base /home/felipe-campos/ros2_ws/src/felipe/build/felipe/build install --record /home/felipe-campos/ros2_ws/src/felipe/build/felipe/install.log --single-version-externally-managed
[1.629s] Level 1:colcon.colcon_core.environment:checking '/home/felipe-campos/ros2_ws/src/felipe/install/felipe' for CMake module files
[1.630s] Level 1:colcon.colcon_core.environment:checking '/home/felipe-campos/ros2_ws/src/felipe/install/felipe' for CMake config files
[1.632s] Level 1:colcon.colcon_core.environment:checking '/home/felipe-campos/ros2_ws/src/felipe/install/felipe/lib'
[1.632s] Level 1:colcon.colcon_core.environment:checking '/home/felipe-campos/ros2_ws/src/felipe/install/felipe/bin'
[1.632s] Level 1:colcon.colcon_core.environment:checking '/home/felipe-campos/ros2_ws/src/felipe/install/felipe/lib/pkgconfig/felipe.pc'
[1.632s] Level 1:colcon.colcon_core.environment:checking '/home/felipe-campos/ros2_ws/src/felipe/install/felipe/lib/python3.10/site-packages'
[1.632s] Level 1:colcon.colcon_core.shell:create_environment_hook('felipe', 'pythonpath')
[1.635s] INFO:colcon.colcon_core.shell:Creating environment hook '/home/felipe-campos/ros2_ws/src/felipe/install/felipe/share/felipe/hook/pythonpath.ps1'
[1.635s] INFO:colcon.colcon_core.shell:Creating environment descriptor '/home/felipe-campos/ros2_ws/src/felipe/install/felipe/share/felipe/hook/pythonpath.dsv'
[1.636s] INFO:colcon.colcon_core.shell:Creating environment hook '/home/felipe-campos/ros2_ws/src/felipe/install/felipe/share/felipe/hook/pythonpath.sh'
[1.637s] Level 1:colcon.colcon_core.environment:checking '/home/felipe-campos/ros2_ws/src/felipe/install/felipe/bin'
[1.637s] Level 1:colcon.colcon_core.environment:create_environment_scripts_only(felipe)
[1.639s] INFO:colcon.colcon_core.shell:Creating package script '/home/felipe-campos/ros2_ws/src/felipe/install/felipe/share/felipe/package.ps1'
[1.640s] INFO:colcon.colcon_core.shell:Creating package descriptor '/home/felipe-campos/ros2_ws/src/felipe/install/felipe/share/felipe/package.dsv'
[1.641s] INFO:colcon.colcon_core.shell:Creating package script '/home/felipe-campos/ros2_ws/src/felipe/install/felipe/share/felipe/package.sh'
[1.642s] INFO:colcon.colcon_core.shell:Creating package script '/home/felipe-campos/ros2_ws/src/felipe/install/felipe/share/felipe/package.bash'
[1.643s] INFO:colcon.colcon_core.shell:Creating package script '/home/felipe-campos/ros2_ws/src/felipe/install/felipe/share/felipe/package.zsh'
[1.644s] Level 1:colcon.colcon_core.environment:create_file_with_runtime_dependencies(/home/felipe-campos/ros2_ws/src/felipe/install/felipe/share/colcon-core/packages/felipe)
[1.645s] DEBUG:colcon.colcon_parallel_executor.executor.parallel:closing loop
[1.645s] DEBUG:colcon.colcon_parallel_executor.executor.parallel:loop closed
[1.646s] DEBUG:colcon.colcon_parallel_executor.executor.parallel:run_until_complete finished with '0'
[1.646s] DEBUG:colcon.colcon_core.event_reactor:joining thread
[1.780s] INFO:colcon.colcon_core.plugin_system:Skipping extension 'colcon_notification.desktop_notification.notify_send': Could not find 'notify-send'
[1.780s] INFO:colcon.colcon_core.plugin_system:Skipping extension 'colcon_notification.desktop_notification.terminal_notifier': Not used on non-Darwin systems
[1.780s] INFO:colcon.colcon_core.plugin_system:Skipping extension 'colcon_notification.desktop_notification.win32': Not used on non-Windows systems
[1.780s] INFO:colcon.colcon_notification.desktop_notification:Sending desktop notification using 'notify2'
[1.793s] DEBUG:colcon.colcon_notification.desktop_notification.notify2:Failed to initialize notify2: org.freedesktop.DBus.Error.ServiceUnknown: The name org.freedesktop.Notifications was not provided by any .service files
[1.794s] DEBUG:colcon.colcon_core.event_reactor:joined thread
[1.797s] INFO:colcon.colcon_core.shell:Creating prefix script '/home/felipe-campos/ros2_ws/src/felipe/install/local_setup.ps1'
[1.799s] INFO:colcon.colcon_core.shell:Creating prefix util module '/home/felipe-campos/ros2_ws/src/felipe/install/_local_setup_util_ps1.py'
[1.801s] INFO:colcon.colcon_core.shell:Creating prefix chain script '/home/felipe-campos/ros2_ws/src/felipe/install/setup.ps1'
[1.803s] INFO:colcon.colcon_core.shell:Creating prefix script '/home/felipe-campos/ros2_ws/src/felipe/install/local_setup.sh'
[1.804s] INFO:colcon.colcon_core.shell:Creating prefix util module '/home/felipe-campos/ros2_ws/src/felipe/install/_local_setup_util_sh.py'
[1.805s] INFO:colcon.colcon_core.shell:Creating prefix chain script '/home/felipe-campos/ros2_ws/src/felipe/install/setup.sh'
[1.807s] INFO:colcon.colcon_core.shell:Creating prefix script '/home/felipe-campos/ros2_ws/src/felipe/install/local_setup.bash'
[1.808s] INFO:colcon.colcon_core.shell:Creating prefix chain script '/home/felipe-campos/ros2_ws/src/felipe/install/setup.bash'
[1.810s] INFO:colcon.colcon_core.shell:Creating prefix script '/home/felipe-campos/ros2_ws/src/felipe/install/local_setup.zsh'
[1.810s] INFO:colcon.colcon_core.shell:Creating prefix chain script '/home/felipe-campos/ros2_ws/src/felipe/install/setup.zsh'
