[0.721s] Invoking command in '/home/felipe-campos/ros2_ws/src/felipe': PYTHONPATH=/home/felipe-campos/ros2_ws/src/felipe/build/felipe/prefix_override:/home/felipe-campos/ros2_ws/src/felipe/install/felipe/lib/python3.10/site-packages:${PYTHONPATH} /usr/bin/python3 setup.py egg_info --egg-base build/felipe build --build-base /home/felipe-campos/ros2_ws/src/felipe/build/felipe/build install --record /home/felipe-campos/ros2_ws/src/felipe/build/felipe/install.log --single-version-externally-managed
[1.005s] running egg_info
[1.006s] creating build/felipe/felipe.egg-info
[1.006s] writing build/felipe/felipe.egg-info/PKG-INFO
[1.007s] writing dependency_links to build/felipe/felipe.egg-info/dependency_links.txt
[1.007s] writing entry points to build/felipe/felipe.egg-info/entry_points.txt
[1.007s] writing requirements to build/felipe/felipe.egg-info/requires.txt
[1.008s] writing top-level names to build/felipe/felipe.egg-info/top_level.txt
[1.008s] writing manifest file 'build/felipe/felipe.egg-info/SOURCES.txt'
[1.010s] reading manifest file 'build/felipe/felipe.egg-info/SOURCES.txt'
[1.011s] writing manifest file 'build/felipe/felipe.egg-info/SOURCES.txt'
[1.011s] running build
[1.011s] running build_py
[1.011s] creating /home/felipe-campos/ros2_ws/src/felipe/build/felipe/build
[1.012s] creating /home/felipe-campos/ros2_ws/src/felipe/build/felipe/build/lib
[1.012s] creating /home/felipe-campos/ros2_ws/src/felipe/build/felipe/build/lib/felipe
[1.012s] copying felipe/robo_gazebo.py -> /home/felipe-campos/ros2_ws/src/felipe/build/felipe/build/lib/felipe
[1.012s] copying felipe/__init__.py -> /home/felipe-campos/ros2_ws/src/felipe/build/felipe/build/lib/felipe
[1.013s] running install
[1.013s] running install_lib
[1.014s] creating /home/felipe-campos/ros2_ws/src/felipe/install/felipe/lib/python3.10/site-packages/felipe
[1.014s] copying /home/felipe-campos/ros2_ws/src/felipe/build/felipe/build/lib/felipe/robo_gazebo.py -> /home/felipe-campos/ros2_ws/src/felipe/install/felipe/lib/python3.10/site-packages/felipe
[1.014s] copying /home/felipe-campos/ros2_ws/src/felipe/build/felipe/build/lib/felipe/__init__.py -> /home/felipe-campos/ros2_ws/src/felipe/install/felipe/lib/python3.10/site-packages/felipe
[1.015s] byte-compiling /home/felipe-campos/ros2_ws/src/felipe/install/felipe/lib/python3.10/site-packages/felipe/robo_gazebo.py to robo_gazebo.cpython-310.pyc
[1.016s] byte-compiling /home/felipe-campos/ros2_ws/src/felipe/install/felipe/lib/python3.10/site-packages/felipe/__init__.py to __init__.cpython-310.pyc
[1.017s] running install_data
[1.017s] creating /home/felipe-campos/ros2_ws/src/felipe/install/felipe/share/ament_index
[1.018s] creating /home/felipe-campos/ros2_ws/src/felipe/install/felipe/share/ament_index/resource_index
[1.018s] creating /home/felipe-campos/ros2_ws/src/felipe/install/felipe/share/ament_index/resource_index/packages
[1.018s] copying resource/felipe -> /home/felipe-campos/ros2_ws/src/felipe/install/felipe/share/ament_index/resource_index/packages
[1.019s] copying package.xml -> /home/felipe-campos/ros2_ws/src/felipe/install/felipe/share/felipe
[1.020s] running install_egg_info
[1.022s] Copying build/felipe/felipe.egg-info to /home/felipe-campos/ros2_ws/src/felipe/install/felipe/lib/python3.10/site-packages/felipe-0.0.0-py3.10.egg-info
[1.024s] running install_scripts
[1.057s] Installing felipe-entrypoint script to /home/felipe-campos/ros2_ws/src/felipe/install/felipe/lib/felipe
[1.057s] writing list of installed files to '/home/felipe-campos/ros2_ws/src/felipe/build/felipe/install.log'
[1.093s] Invoked command in '/home/felipe-campos/ros2_ws/src/felipe' returned '0': PYTHONPATH=/home/felipe-campos/ros2_ws/src/felipe/build/felipe/prefix_override:/home/felipe-campos/ros2_ws/src/felipe/install/felipe/lib/python3.10/site-packages:${PYTHONPATH} /usr/bin/python3 setup.py egg_info --egg-base build/felipe build --build-base /home/felipe-campos/ros2_ws/src/felipe/build/felipe/build install --record /home/felipe-campos/ros2_ws/src/felipe/build/felipe/install.log --single-version-externally-managed
