running egg_info
creating ../build/felipe/felipe.egg-info
writing ../build/felipe/felipe.egg-info/PKG-INFO
writing dependency_links to ../build/felipe/felipe.egg-info/dependency_links.txt
writing entry points to ../build/felipe/felipe.egg-info/entry_points.txt
writing requirements to ../build/felipe/felipe.egg-info/requires.txt
writing top-level names to ../build/felipe/felipe.egg-info/top_level.txt
writing manifest file '../build/felipe/felipe.egg-info/SOURCES.txt'
reading manifest file '../build/felipe/felipe.egg-info/SOURCES.txt'
writing manifest file '../build/felipe/felipe.egg-info/SOURCES.txt'
running build
running build_py
creating /home/felipe-campos/ros2_ws/src/build/felipe/build
creating /home/felipe-campos/ros2_ws/src/build/felipe/build/lib
creating /home/felipe-campos/ros2_ws/src/build/felipe/build/lib/felipe
copying felipe/robo_gazebo.py -> /home/felipe-campos/ros2_ws/src/build/felipe/build/lib/felipe
copying felipe/draw_circle.py -> /home/felipe-campos/ros2_ws/src/build/felipe/build/lib/felipe
copying felipe/__init__.py -> /home/felipe-campos/ros2_ws/src/build/felipe/build/lib/felipe
running install
running install_lib
creating /home/felipe-campos/ros2_ws/src/install/felipe/lib/python3.10/site-packages/felipe
copying /home/felipe-campos/ros2_ws/src/build/felipe/build/lib/felipe/robo_gazebo.py -> /home/felipe-campos/ros2_ws/src/install/felipe/lib/python3.10/site-packages/felipe
copying /home/felipe-campos/ros2_ws/src/build/felipe/build/lib/felipe/draw_circle.py -> /home/felipe-campos/ros2_ws/src/install/felipe/lib/python3.10/site-packages/felipe
copying /home/felipe-campos/ros2_ws/src/build/felipe/build/lib/felipe/__init__.py -> /home/felipe-campos/ros2_ws/src/install/felipe/lib/python3.10/site-packages/felipe
byte-compiling /home/felipe-campos/ros2_ws/src/install/felipe/lib/python3.10/site-packages/felipe/robo_gazebo.py to robo_gazebo.cpython-310.pyc
byte-compiling /home/felipe-campos/ros2_ws/src/install/felipe/lib/python3.10/site-packages/felipe/draw_circle.py to draw_circle.cpython-310.pyc
byte-compiling /home/felipe-campos/ros2_ws/src/install/felipe/lib/python3.10/site-packages/felipe/__init__.py to __init__.cpython-310.pyc
running install_data
creating /home/felipe-campos/ros2_ws/src/install/felipe/share/ament_index
creating /home/felipe-campos/ros2_ws/src/install/felipe/share/ament_index/resource_index
creating /home/felipe-campos/ros2_ws/src/install/felipe/share/ament_index/resource_index/packages
copying resource/felipe -> /home/felipe-campos/ros2_ws/src/install/felipe/share/ament_index/resource_index/packages
copying package.xml -> /home/felipe-campos/ros2_ws/src/install/felipe/share/felipe
running install_egg_info
Copying ../build/felipe/felipe.egg-info to /home/felipe-campos/ros2_ws/src/install/felipe/lib/python3.10/site-packages/felipe-0.0.0-py3.10.egg-info
running install_scripts
Installing felipe-entrypoint = felipe.robo_gazebo: maindraw-circle script to /home/felipe-campos/ros2_ws/src/install/felipe/lib/felipe
writing list of installed files to '/home/felipe-campos/ros2_ws/src/build/felipe/install.log'
